0 info it worked if it ends with ok
1 verbose cli [ '/usr/local/bin/node',
1 verbose cli   '/usr/local/bin/npm',
1 verbose cli   'run',
1 verbose cli   'release:patch' ]
2 info using npm@3.10.10
3 info using node@v6.11.0
4 verbose run-script [ 'prerelease:patch', 'release:patch', 'postrelease:patch' ]
5 info lifecycle webpackcc@2.0.31-3~prerelease:patch: webpackcc@2.0.31-3
6 silly lifecycle webpackcc@2.0.31-3~prerelease:patch: no script for prerelease:patch, continuing
7 info lifecycle webpackcc@2.0.31-3~release:patch: webpackcc@2.0.31-3
8 verbose lifecycle webpackcc@2.0.31-3~release:patch: unsafe-perm in lifecycle true
9 verbose lifecycle webpackcc@2.0.31-3~release:patch: PATH: /usr/local/lib/node_modules/npm/bin/node-gyp-bin:/Users/qinliang.ql/Desktop/wcf/node_modules/.bin:/usr/local/bin:/usr/bin:/bin:/usr/sbin:/sbin:/Users/qinliang.ql/Downloads/apache-maven-3.5.0/bin
10 verbose lifecycle webpackcc@2.0.31-3~release:patch: CWD: /Users/qinliang.ql/Desktop/wcf
11 silly lifecycle webpackcc@2.0.31-3~release:patch: Args: [ '-c',
11 silly lifecycle   'npm version prerelease && git push --follow-tags && npm publish --tag beta' ]
12 silly lifecycle webpackcc@2.0.31-3~release:patch: Returned: code: 1  signal: null
13 info lifecycle webpackcc@2.0.31-3~release:patch: Failed to exec release:patch script
14 verbose stack Error: webpackcc@2.0.31-3 release:patch: `npm version prerelease && git push --follow-tags && npm publish --tag beta`
14 verbose stack Exit status 1
14 verbose stack     at EventEmitter.<anonymous> (/usr/local/lib/node_modules/npm/lib/utils/lifecycle.js:255:16)
14 verbose stack     at emitTwo (events.js:106:13)
14 verbose stack     at EventEmitter.emit (events.js:191:7)
14 verbose stack     at ChildProcess.<anonymous> (/usr/local/lib/node_modules/npm/lib/utils/spawn.js:40:14)
14 verbose stack     at emitTwo (events.js:106:13)
14 verbose stack     at ChildProcess.emit (events.js:191:7)
14 verbose stack     at maybeClose (internal/child_process.js:891:16)
14 verbose stack     at Process.ChildProcess._handle.onexit (internal/child_process.js:226:5)
15 verbose pkgid webpackcc@2.0.31-3
16 verbose cwd /Users/qinliang.ql/Desktop/wcf
17 error Darwin 16.7.0
18 error argv "/usr/local/bin/node" "/usr/local/bin/npm" "run" "release:patch"
19 error node v6.11.0
20 error npm  v3.10.10
21 error code ELIFECYCLE
22 error webpackcc@2.0.31-3 release:patch: `npm version prerelease && git push --follow-tags && npm publish --tag beta`
22 error Exit status 1
23 error Failed at the webpackcc@2.0.31-3 release:patch script 'npm version prerelease && git push --follow-tags && npm publish --tag beta'.
23 error Make sure you have the latest version of node.js and npm installed.
23 error If you do, this is most likely a problem with the webpackcc package,
23 error not with npm itself.
23 error Tell the author that this fails on your system:
23 error     npm version prerelease && git push --follow-tags && npm publish --tag beta
23 error You can get information on how to open an issue for this project with:
23 error     npm bugs webpackcc
23 error Or if that isn't available, you can get their info via:
23 error     npm owner ls webpackcc
23 error There is likely additional logging output above.
24 verbose exit [ 1, true ]
